2025-04-07 12:41:19,306 WARNING log Forbidden (CSRF token from POST incorrect.): /admin/auth/user/1/change/
2025-04-14 15:02:32,982 WARNING log Forbidden (CSRF token missing.): /posts/
2025-04-14 15:02:48,019 WARNING log Forbidden (CSRF token missing.): /posts/
2025-04-16 09:02:28,433 ERROR exception Invalid HTTP_HOST header: 'localhost:8000'. You may need to add 'localhost' to ALLOWED_HOSTS.
Traceback (most recent call last):
  File "C:\Users\taty-\PycharmProjects\Skillfactory\News_Portal\News_Portal\.venv\Lib\site-packages\django\core\handlers\exception.py", line 55, in inner
    response = get_response(request)
  File "C:\Users\taty-\PycharmProjects\Skillfactory\News_Portal\News_Portal\.venv\Lib\site-packages\django\utils\deprecation.py", line 128, in __call__
    response = self.process_request(request)
  File "C:\Users\taty-\PycharmProjects\Skillfactory\News_Portal\News_Portal\.venv\Lib\site-packages\django\middleware\common.py", line 48, in process_request
    host = request.get_host()
  File "C:\Users\taty-\PycharmProjects\Skillfactory\News_Portal\News_Portal\.venv\Lib\site-packages\django\http\request.py", line 151, in get_host
    raise DisallowedHost(msg)
django.core.exceptions.DisallowedHost: Invalid HTTP_HOST header: 'localhost:8000'. You may need to add 'localhost' to ALLOWED_HOSTS.
2025-04-16 09:02:29,045 ERROR exception Invalid HTTP_HOST header: 'localhost:8000'. You may need to add 'localhost' to ALLOWED_HOSTS.
Traceback (most recent call last):
  File "C:\Users\taty-\PycharmProjects\Skillfactory\News_Portal\News_Portal\.venv\Lib\site-packages\django\core\handlers\exception.py", line 55, in inner
    response = get_response(request)
  File "C:\Users\taty-\PycharmProjects\Skillfactory\News_Portal\News_Portal\.venv\Lib\site-packages\django\utils\deprecation.py", line 128, in __call__
    response = self.process_request(request)
  File "C:\Users\taty-\PycharmProjects\Skillfactory\News_Portal\News_Portal\.venv\Lib\site-packages\django\middleware\common.py", line 48, in process_request
    host = request.get_host()
  File "C:\Users\taty-\PycharmProjects\Skillfactory\News_Portal\News_Portal\.venv\Lib\site-packages\django\http\request.py", line 151, in get_host
    raise DisallowedHost(msg)
django.core.exceptions.DisallowedHost: Invalid HTTP_HOST header: 'localhost:8000'. You may need to add 'localhost' to ALLOWED_HOSTS.
2025-04-16 09:03:05,232 ERROR exception Invalid HTTP_HOST header: 'localhost:8000'. You may need to add 'localhost' to ALLOWED_HOSTS.
Traceback (most recent call last):
  File "C:\Users\taty-\PycharmProjects\Skillfactory\News_Portal\News_Portal\.venv\Lib\site-packages\django\core\handlers\exception.py", line 55, in inner
    response = get_response(request)
  File "C:\Users\taty-\PycharmProjects\Skillfactory\News_Portal\News_Portal\.venv\Lib\site-packages\django\utils\deprecation.py", line 128, in __call__
    response = self.process_request(request)
  File "C:\Users\taty-\PycharmProjects\Skillfactory\News_Portal\News_Portal\.venv\Lib\site-packages\django\middleware\common.py", line 48, in process_request
    host = request.get_host()
  File "C:\Users\taty-\PycharmProjects\Skillfactory\News_Portal\News_Portal\.venv\Lib\site-packages\django\http\request.py", line 151, in get_host
    raise DisallowedHost(msg)
django.core.exceptions.DisallowedHost: Invalid HTTP_HOST header: 'localhost:8000'. You may need to add 'localhost' to ALLOWED_HOSTS.
2025-04-16 09:03:05,552 ERROR exception Invalid HTTP_HOST header: 'localhost:8000'. You may need to add 'localhost' to ALLOWED_HOSTS.
Traceback (most recent call last):
  File "C:\Users\taty-\PycharmProjects\Skillfactory\News_Portal\News_Portal\.venv\Lib\site-packages\django\core\handlers\exception.py", line 55, in inner
    response = get_response(request)
  File "C:\Users\taty-\PycharmProjects\Skillfactory\News_Portal\News_Portal\.venv\Lib\site-packages\django\utils\deprecation.py", line 128, in __call__
    response = self.process_request(request)
  File "C:\Users\taty-\PycharmProjects\Skillfactory\News_Portal\News_Portal\.venv\Lib\site-packages\django\middleware\common.py", line 48, in process_request
    host = request.get_host()
  File "C:\Users\taty-\PycharmProjects\Skillfactory\News_Portal\News_Portal\.venv\Lib\site-packages\django\http\request.py", line 151, in get_host
    raise DisallowedHost(msg)
django.core.exceptions.DisallowedHost: Invalid HTTP_HOST header: 'localhost:8000'. You may need to add 'localhost' to ALLOWED_HOSTS.
